[debug] [2021-07-12T01:25:56.052Z] ----------------------------------------------------------------------
[debug] [2021-07-12T01:25:56.054Z] Command:       /usr/local/bin/firebase /Users/cameronkeene/.cache/firebase/tools/lib/node_modules/firebase-tools/lib/bin/firebase apps:create
[debug] [2021-07-12T01:25:56.054Z] CLI Version:   9.9.0
[debug] [2021-07-12T01:25:56.054Z] Platform:      darwin
[debug] [2021-07-12T01:25:56.054Z] Node Version:  v12.18.1
[debug] [2021-07-12T01:25:56.057Z] Time:          Sun Jul 11 2021 21:25:56 GMT-0400 (Eastern Daylight Time)
[debug] [2021-07-12T01:25:56.058Z] ----------------------------------------------------------------------
[debug] 
[debug] [2021-07-12T01:25:56.065Z] > command requires scopes: ["email","openid","https://www.googleapis.com/auth/cloudplatformprojects.readonly","https://www.googleapis.com/auth/firebase","https://www.googleapis.com/auth/cloud-platform"]
[debug] [2021-07-12T01:25:56.066Z] > authorizing via signed-in user (cameron.keenefl@gmail.com)
[debug] [2021-07-12T01:26:03.054Z] Error: write EIO
    at afterWriteDispatched (internal/stream_base_commons.js:154:25)
    at writeGeneric (internal/stream_base_commons.js:145:3)
    at WriteStream.Socket._writeGeneric (net.js:786:11)
    at WriteStream.Socket._write (net.js:798:8)
    at doWrite (_stream_writable.js:403:12)
    at writeOrBuffer (_stream_writable.js:387:5)
    at WriteStream.Writable.write (_stream_writable.js:318:11)
    at EventEmitter.signalExit.alwaysLast (/Users/cameronkeene/.cache/firebase/tools/lib/node_modules/restore-cursor/index.js:7:18)
    at EventEmitter.emit (events.js:315:20)
    at EventEmitter.emit (domain.js:482:12)
    at emit (/Users/cameronkeene/.cache/firebase/tools/lib/node_modules/signal-exit/index.js:78:11)
    at process.listener (/Users/cameronkeene/.cache/firebase/tools/lib/node_modules/signal-exit/index.js:94:7)
    at process.emit (events.js:315:20)
